<?xml version="1.0" encoding="UTF-8" ?>
<testsuite tests="9" failures="0" name="br.com.aula.BancoTest" time="0.009" errors="1" skipped="0">
  <properties>
[...]
</properties>
  <testcase classname="br.com.aula.BancoTest" name="naoDeveCadastrarContaComNome" time="0.008">
    <error message="Unexpected exception, expected&lt;br.com.aula.exception.ContaComNomeJaExistenteException&gt; but was&lt;br.com.aula.exception.ContaComNumeroInvalido&gt;" type="java.lang.Exception">java.lang.Exception: Unexpected exception, expected&lt;br.com.aula.exception.ContaComNomeJaExistenteException&gt; but was&lt;br.com.aula.exception.ContaComNumeroInvalido&gt;
	at org.junit.internal.runners.statements.ExpectException.evaluate(ExpectException.java:30)
	at org.junit.runners.ParentRunner$3.evaluate(ParentRunner.java:306)
	at org.junit.runners.BlockJUnit4ClassRunner$1.evaluate(BlockJUnit4ClassRunner.java:100)
	at org.junit.runners.ParentRunner.runLeaf(ParentRunner.java:366)
	at org.junit.runners.BlockJUnit4ClassRunner.runChild(BlockJUnit4ClassRunner.java:103)
	at org.junit.runners.BlockJUnit4ClassRunner.runChild(BlockJUnit4ClassRunner.java:63)
	at org.junit.runners.ParentRunner$4.run(ParentRunner.java:331)
	at org.junit.runners.ParentRunner$1.schedule(ParentRunner.java:79)
	at org.junit.runners.ParentRunner.runChildren(ParentRunner.java:329)
	at org.junit.runners.ParentRunner.access$100(ParentRunner.java:66)
	at org.junit.runners.ParentRunner$2.evaluate(ParentRunner.java:293)
	at org.junit.runners.ParentRunner$3.evaluate(ParentRunner.java:306)
	at org.junit.runners.ParentRunner.run(ParentRunner.java:413)
	at org.apache.maven.surefire.junit4.JUnit4Provider.execute(JUnit4Provider.java:252)
	at org.apache.maven.surefire.junit4.JUnit4Provider.executeTestSet(JUnit4Provider.java:141)
	at org.apache.maven.surefire.junit4.JUnit4Provider.invoke(JUnit4Provider.java:112)
	at java.base/jdk.internal.reflect.NativeMethodAccessorImpl.invoke0(Native Method)
	at java.base/jdk.internal.reflect.NativeMethodAccessorImpl.invoke(NativeMethodAccessorImpl.java:78)
	at java.base/jdk.internal.reflect.DelegatingMethodAccessorImpl.invoke(DelegatingMethodAccessorImpl.java:43)
	at java.base/java.lang.reflect.Method.invoke(Method.java:567)
	at org.apache.maven.surefire.util.ReflectionUtils.invokeMethodWithArray(ReflectionUtils.java:189)
	at org.apache.maven.surefire.booter.ProviderFactory$ProviderProxy.invoke(ProviderFactory.java:165)
	at org.apache.maven.surefire.booter.ProviderFactory.invokeProvider(ProviderFactory.java:85)
	at org.apache.maven.surefire.booter.ForkedBooter.runSuitesInProcess(ForkedBooter.java:115)
	at org.apache.maven.surefire.booter.ForkedBooter.main(ForkedBooter.java:75)
Caused by: br.com.aula.exception.ContaComNumeroInvalido
	at br.com.aula.Banco.cadastrarConta(Banco.java:32)
	at br.com.aula.BancoTest.naoDeveCadastrarContaComNome(BancoTest.java:74)
	at java.base/jdk.internal.reflect.NativeMethodAccessorImpl.invoke0(Native Method)
	at java.base/jdk.internal.reflect.NativeMethodAccessorImpl.invoke(NativeMethodAccessorImpl.java:78)
	at java.base/jdk.internal.reflect.DelegatingMethodAccessorImpl.invoke(DelegatingMethodAccessorImpl.java:43)
	at java.base/java.lang.reflect.Method.invoke(Method.java:567)
	at org.junit.runners.model.FrameworkMethod$1.runReflectiveCall(FrameworkMethod.java:59)
	at org.junit.internal.runners.model.ReflectiveCallable.run(ReflectiveCallable.java:12)
	at org.junit.runners.model.FrameworkMethod.invokeExplosively(FrameworkMethod.java:56)
	at org.junit.internal.runners.statements.InvokeMethod.evaluate(InvokeMethod.java:17)
	at org.junit.internal.runners.statements.ExpectException.evaluate(ExpectException.java:19)
	... 24 more
</error>
  </testcase>
  <testcase classname="br.com.aula.BancoTest" name="deveEfetuarTransferenciaContasCorrentesPoupanca" time="0"/>
  <testcase classname="br.com.aula.BancoTest" name="naoPodeContaPoupancaComSaldoNegativo" time="0"/>
  <testcase classname="br.com.aula.BancoTest" name="deveCadastrarConta" time="0"/>
  <testcase classname="br.com.aula.BancoTest" name="naoDeveCadastrarContaNumeroRepetido" time="0"/>
  <testcase classname="br.com.aula.BancoTest" name="verificarContaDeDestino" time="0"/>
  <testcase classname="br.com.aula.BancoTest" name="naoPodeTransferirValorNegativo" time="0.001"/>
  <testcase classname="br.com.aula.BancoTest" name="deveVerificarExistenciaDaContaOrigemBanco" time="0"/>
  <testcase classname="br.com.aula.BancoTest" name="naoDeveCadastrarContaComNumInvalido" time="0"/>
</testsuite>